<?xml version="1.0" encoding="UTF-8"?>
<coverage generated="1788535364133" clover="3.2.0">
  <project timestamp="1788535364133" name="All files">
    <metrics statements="88" coveredstatements="88" conditionals="46" coveredconditionals="46" methods="19" coveredmethods="19" elements="153" coveredelements="153" complexity="0" loc="88" ncloc="88" packages="1" files="3" classes="3"/>
    <file name="applyAttributes.ts" path="C:\Users\itaym\WebStormProjects\react-any-attr\src\applyAttributes.ts">
      <metrics statements="19" coveredstatements="19" conditionals="10" coveredconditionals="10" methods="3" coveredmethods="3"/>
      <line num="5" count="3" type="stmt"/>
      <line num="7" count="3" type="stmt"/>
      <line num="9" count="13" type="stmt"/>
      <line num="10" count="13" type="stmt"/>
      <line num="13" count="3" type="stmt"/>
      <line num="14" count="127" type="cond" truecount="2" falsecount="0"/>
      <line num="19" count="3" type="stmt"/>
      <line num="20" count="61" type="stmt"/>
      <line num="21" count="61" type="cond" truecount="2" falsecount="0"/>
      <line num="22" count="2" type="stmt"/>
      <line num="25" count="123" type="stmt"/>
      <line num="26" count="123" type="stmt"/>
      <line num="27" count="123" type="cond" truecount="2" falsecount="0"/>
      <line num="28" count="63" type="stmt"/>
      <line num="29" count="63" type="stmt"/>
      <line num="31" count="60" type="cond" truecount="4" falsecount="0"/>
      <line num="32" count="6" type="stmt"/>
      <line num="33" count="6" type="stmt"/>
      <line num="35" count="54" type="stmt"/>
    </file>
    <file name="index.tsx" path="C:\Users\itaym\WebStormProjects\react-any-attr\src\index.tsx">
      <metrics statements="57" coveredstatements="57" conditionals="32" coveredconditionals="32" methods="14" coveredmethods="14"/>
      <line num="1" count="2" type="stmt"/>
      <line num="3" count="2" type="stmt"/>
      <line num="5" count="13" type="stmt"/>
      <line num="7" count="2" type="stmt"/>
      <line num="8" count="5" type="stmt"/>
      <line num="10" count="25" type="stmt"/>
      <line num="13" count="2" type="stmt"/>
      <line num="14" count="4" type="stmt"/>
      <line num="15" count="32" type="stmt"/>
      <line num="16" count="32" type="cond" truecount="2" falsecount="0"/>
      <line num="17" count="8" type="stmt"/>
      <line num="18" count="8" type="stmt"/>
      <line num="20" count="24" type="cond" truecount="2" falsecount="0"/>
      <line num="21" count="16" type="stmt"/>
      <line num="22" count="16" type="stmt"/>
      <line num="25" count="8" type="stmt"/>
      <line num="28" count="24" type="stmt"/>
      <line num="34" count="2" type="stmt"/>
      <line num="35" count="2" type="stmt"/>
      <line num="36" count="4" type="cond" truecount="2" falsecount="0"/>
      <line num="37" count="2" type="stmt"/>
      <line num="40" count="2" type="stmt"/>
      <line num="46" count="10" type="cond" truecount="2" falsecount="0"/>
      <line num="48" count="9" type="stmt"/>
      <line num="50" count="1" type="cond" truecount="2" falsecount="0"/>
      <line num="53" count="2" type="stmt"/>
      <line num="54" count="14" type="cond" truecount="2" falsecount="0"/>
      <line num="55" count="7" type="stmt"/>
      <line num="56" count="7" type="stmt"/>
      <line num="57" count="7" type="stmt"/>
      <line num="59" count="7" type="stmt"/>
      <line num="60" count="13" type="stmt"/>
      <line num="61" count="18" type="stmt"/>
      <line num="63" count="13" type="stmt"/>
      <line num="68" count="7" type="stmt"/>
      <line num="69" count="7" type="stmt"/>
      <line num="73" count="7" type="stmt"/>
      <line num="74" count="7" type="stmt"/>
      <line num="75" count="7" type="stmt"/>
      <line num="77" count="11" type="cond" truecount="5" falsecount="0"/>
      <line num="78" count="1" type="stmt"/>
      <line num="80" count="10" type="stmt"/>
      <line num="81" count="10" type="cond" truecount="4" falsecount="0"/>
      <line num="82" count="1" type="stmt"/>
      <line num="87" count="10" type="stmt"/>
      <line num="92" count="18" type="cond" truecount="2" falsecount="0"/>
      <line num="93" count="9" type="stmt"/>
      <line num="95" count="9" type="stmt"/>
      <line num="97" count="9" type="cond" truecount="2" falsecount="0"/>
      <line num="100" count="1" type="stmt"/>
      <line num="104" count="8" type="cond" truecount="5" falsecount="0"/>
      <line num="109" count="1" type="stmt"/>
      <line num="113" count="9" type="cond" truecount="2" falsecount="0"/>
      <line num="114" count="6" type="stmt"/>
      <line num="115" count="6" type="stmt"/>
      <line num="120" count="7" type="stmt"/>
      <line num="122" count="2" type="stmt"/>
    </file>
    <file name="useAnyAttributes.ts" path="C:\Users\itaym\WebStormProjects\react-any-attr\src\useAnyAttributes.ts">
      <metrics statements="12" coveredstatements="12" conditionals="4" coveredconditionals="4" methods="2" coveredmethods="2"/>
      <line num="1" count="2" type="stmt"/>
      <line num="3" count="2" type="stmt"/>
      <line num="9" count="2" type="stmt"/>
      <line num="10" count="13" type="cond" truecount="2" falsecount="0"/>
      <line num="12" count="11" type="stmt"/>
      <line num="13" count="11" type="stmt"/>
      <line num="15" count="11" type="stmt"/>
      <line num="16" count="11" type="cond" truecount="2" falsecount="0"/>
      <line num="17" count="6" type="stmt"/>
      <line num="18" count="6" type="stmt"/>
      <line num="21" count="5" type="stmt"/>
      <line num="25" count="11" type="stmt"/>
    </file>
  </project>
</coverage>
