{"C:\\Users\\itaym\\WebStormProjects\\react-any-attr\\src\\index.tsx": {"path":"C:\\Users\\itaym\\WebStormProjects\\react-any-attr\\src\\index.tsx","statementMap":{"0":{"start":{"line":1,"column":0},"end":{"line":1,"column":null}},"1":{"start":{"line":9,"column":13},"end":{"line":14,"column":null}},"2":{"start":{"line":10,"column":4},"end":{"line":13,"column":null}},"3":{"start":{"line":12,"column":8},"end":{"line":12,"column":34}},"4":{"start":{"line":15,"column":13},"end":{"line":32,"column":null}},"5":{"start":{"line":16,"column":4},"end":{"line":31,"column":null}},"6":{"start":{"line":17,"column":23},"end":{"line":17,"column":31}},"7":{"start":{"line":18,"column":8},"end":{"line":21,"column":null}},"8":{"start":{"line":19,"column":12},"end":{"line":19,"column":50}},"9":{"start":{"line":20,"column":12},"end":{"line":20,"column":19}},"10":{"start":{"line":22,"column":8},"end":{"line":29,"column":null}},"11":{"start":{"line":23,"column":12},"end":{"line":28,"column":null}},"12":{"start":{"line":24,"column":16},"end":{"line":24,"column":52}},"13":{"start":{"line":27,"column":16},"end":{"line":27,"column":36}},"14":{"start":{"line":30,"column":8},"end":{"line":30,"column":46}},"15":{"start":{"line":34,"column":21},"end":{"line":77,"column":1}},"16":{"start":{"line":35,"column":37},"end":{"line":35,"column":42}},"17":{"start":{"line":36,"column":28},"end":{"line":36,"column":30}},"18":{"start":{"line":37,"column":36},"end":{"line":37,"column":55}},"19":{"start":{"line":39,"column":22},"end":{"line":53,"column":5}},"20":{"start":{"line":40,"column":8},"end":{"line":52,"column":null}},"21":{"start":{"line":41,"column":12},"end":{"line":51,"column":15}},"22":{"start":{"line":42,"column":35},"end":{"line":42,"column":58}},"23":{"start":{"line":43,"column":16},"end":{"line":50,"column":null}},"24":{"start":{"line":44,"column":20},"end":{"line":48,"column":null}},"25":{"start":{"line":46,"column":24},"end":{"line":46,"column":61}},"26":{"start":{"line":47,"column":24},"end":{"line":47,"column":33}},"27":{"start":{"line":49,"column":20},"end":{"line":49,"column":70}},"28":{"start":{"line":55,"column":21},"end":{"line":55,"column":43}},"29":{"start":{"line":56,"column":29},"end":{"line":74,"column":21}},"30":{"start":{"line":58,"column":8},"end":{"line":61,"column":null}},"31":{"start":{"line":59,"column":12},"end":{"line":59,"column":25}},"32":{"start":{"line":60,"column":12},"end":{"line":60,"column":27}},"33":{"start":{"line":62,"column":8},"end":{"line":62,"column":68}},"34":{"start":{"line":65,"column":12},"end":{"line":65,"column":29}},"35":{"start":{"line":67,"column":12},"end":{"line":70,"column":null}},"36":{"start":{"line":69,"column":16},"end":{"line":69,"column":34}},"37":{"start":{"line":72,"column":12},"end":{"line":72,"column":44}},"38":{"start":{"line":76,"column":4},"end":{"line":76,"column":25}},"39":{"start":{"line":78,"column":0},"end":{"line":78,"column":28}}},"fnMap":{"0":{"name":"(anonymous_1)","decl":{"start":{"line":9,"column":24},"end":{"line":9,"column":34}},"loc":{"start":{"line":9,"column":46},"end":{"line":14,"column":1}}},"1":{"name":"_asObjectOrAsStringClosure","decl":{"start":{"line":10,"column":20},"end":{"line":10,"column":46}},"loc":{"start":{"line":10,"column":77},"end":{"line":13,"column":5}}},"2":{"name":"(anonymous_3)","decl":{"start":{"line":15,"column":24},"end":{"line":15,"column":34}},"loc":{"start":{"line":15,"column":46},"end":{"line":32,"column":1}}},"3":{"name":"_asObjectOrAsStringClosure","decl":{"start":{"line":16,"column":20},"end":{"line":16,"column":46}},"loc":{"start":{"line":16,"column":77},"end":{"line":31,"column":5}}},"4":{"name":"(anonymous_5)","decl":{"start":{"line":34,"column":21},"end":{"line":34,"column":31}},"loc":{"start":{"line":34,"column":49},"end":{"line":77,"column":1}}},"5":{"name":"(anonymous_6)","decl":{"start":{"line":39,"column":22},"end":{"line":39,"column":32}},"loc":{"start":{"line":39,"column":46},"end":{"line":53,"column":5}}},"6":{"name":"(anonymous_7)","decl":{"start":{"line":41,"column":26},"end":{"line":41,"column":27}},"loc":{"start":{"line":41,"column":44},"end":{"line":51,"column":13}}},"7":{"name":"(anonymous_8)","decl":{"start":{"line":56,"column":61},"end":{"line":56,"column":62}},"loc":{"start":{"line":56,"column":91},"end":{"line":74,"column":5}}},"8":{"name":"ref","decl":{"start":{"line":64,"column":17},"end":{"line":64,"column":20}},"loc":{"start":{"line":64,"column":33},"end":{"line":73,"column":9}}}},"branchMap":{"0":{"loc":{"start":{"line":18,"column":8},"end":{"line":21,"column":null}},"type":"if","locations":[{"start":{"line":18,"column":8},"end":{"line":21,"column":null}},{"start":{"line":18,"column":8},"end":{"line":21,"column":null}}]},"1":{"loc":{"start":{"line":22,"column":8},"end":{"line":29,"column":null}},"type":"if","locations":[{"start":{"line":22,"column":8},"end":{"line":29,"column":null}},{"start":{"line":22,"column":8},"end":{"line":29,"column":null}}]},"2":{"loc":{"start":{"line":40,"column":8},"end":{"line":52,"column":null}},"type":"if","locations":[{"start":{"line":40,"column":8},"end":{"line":52,"column":null}},{"start":{"line":40,"column":8},"end":{"line":52,"column":null}}]},"3":{"loc":{"start":{"line":44,"column":20},"end":{"line":48,"column":null}},"type":"if","locations":[{"start":{"line":44,"column":20},"end":{"line":48,"column":null}},{"start":{"line":44,"column":20},"end":{"line":48,"column":null}}]},"4":{"loc":{"start":{"line":44,"column":25},"end":{"line":44,"column":65}},"type":"binary-expr","locations":[{"start":{"line":44,"column":25},"end":{"line":44,"column":65}},{"start":{"line":45,"column":25},"end":{"line":45,"column":83}}]},"5":{"loc":{"start":{"line":58,"column":8},"end":{"line":61,"column":null}},"type":"if","locations":[{"start":{"line":58,"column":8},"end":{"line":61,"column":null}},{"start":{"line":58,"column":8},"end":{"line":61,"column":null}}]},"6":{"loc":{"start":{"line":67,"column":12},"end":{"line":70,"column":null}},"type":"if","locations":[{"start":{"line":67,"column":12},"end":{"line":70,"column":null}},{"start":{"line":67,"column":12},"end":{"line":70,"column":null}}]}},"s":{"0":1,"1":1,"2":3,"3":9,"4":1,"5":4,"6":12,"7":12,"8":3,"9":3,"10":9,"11":6,"12":6,"13":3,"14":9,"15":1,"16":1,"17":1,"18":1,"19":1,"20":3,"21":1,"22":3,"23":3,"24":33,"25":21,"26":21,"27":12,"28":1,"29":1,"30":4,"31":1,"32":1,"33":3,"34":3,"35":3,"36":1,"37":3,"38":1,"39":1},"f":{"0":3,"1":9,"2":4,"3":12,"4":1,"5":3,"6":3,"7":4,"8":3},"b":{"0":[3,9],"1":[6,3],"2":[1,2],"3":[21,12],"4":[33,24],"5":[1,3],"6":[1,2]}}
}
