{"C:\\Users\\itaym\\WebStormProjects\\react-any-attr\\src\\applyAttributes.ts": {"path":"C:\\Users\\itaym\\WebStormProjects\\react-any-attr\\src\\applyAttributes.ts","statementMap":{"0":{"start":{"line":7,"column":0},"end":{"line":7,"column":16}},"1":{"start":{"line":13,"column":0},"end":{"line":13,"column":16}},"2":{"start":{"line":19,"column":0},"end":{"line":19,"column":16}},"3":{"start":{"line":5,"column":32},"end":{"line":5,"column":77}},"4":{"start":{"line":9,"column":4},"end":{"line":9,"column":39}},"5":{"start":{"line":10,"column":4},"end":{"line":10,"column":14}},"6":{"start":{"line":14,"column":4},"end":{"line":14,"column":82}},"7":{"start":{"line":20,"column":4},"end":{"line":24,"column":5}},"8":{"start":{"line":20,"column":27},"end":{"line":20,"column":33}},"9":{"start":{"line":20,"column":27},"end":{"line":20,"column":48}},"10":{"start":{"line":20,"column":23},"end":{"line":20,"column":27}},"11":{"start":{"line":21,"column":8},"end":{"line":23,"column":9}},"12":{"start":{"line":22,"column":12},"end":{"line":22,"column":43}},"13":{"start":{"line":25,"column":4},"end":{"line":36,"column":5}},"14":{"start":{"line":25,"column":27},"end":{"line":25,"column":33}},"15":{"start":{"line":25,"column":27},"end":{"line":25,"column":50}},"16":{"start":{"line":25,"column":23},"end":{"line":25,"column":27}},"17":{"start":{"line":26,"column":22},"end":{"line":26,"column":42}},"18":{"start":{"line":27,"column":8},"end":{"line":30,"column":9}},"19":{"start":{"line":28,"column":12},"end":{"line":28,"column":34}},"20":{"start":{"line":29,"column":12},"end":{"line":29,"column":21}},"21":{"start":{"line":31,"column":8},"end":{"line":34,"column":9}},"22":{"start":{"line":32,"column":12},"end":{"line":32,"column":43}},"23":{"start":{"line":33,"column":12},"end":{"line":33,"column":21}},"24":{"start":{"line":35,"column":8},"end":{"line":35,"column":43}}},"fnMap":{"0":{"name":"markAttributeSetter","decl":{"start":{"line":7,"column":16},"end":{"line":7,"column":35}},"loc":{"start":{"line":7,"column":68},"end":{"line":11,"column":1}}},"1":{"name":"isAttributeSetter","decl":{"start":{"line":13,"column":16},"end":{"line":13,"column":33}},"loc":{"start":{"line":13,"column":44},"end":{"line":15,"column":1}}},"2":{"name":"applyAttributes","decl":{"start":{"line":19,"column":16},"end":{"line":19,"column":31}},"loc":{"start":{"line":19,"column":101},"end":{"line":37,"column":1}}}},"branchMap":{"0":{"loc":{"start":{"line":14,"column":11},"end":{"line":14,"column":81}},"type":"binary-expr","locations":[{"start":{"line":14,"column":11},"end":{"line":14,"column":38}},{"start":{"line":14,"column":42},"end":{"line":14,"column":81}}]},"1":{"loc":{"start":{"line":21,"column":8},"end":{"line":23,"column":9}},"type":"if","locations":[{"start":{"line":21,"column":8},"end":{"line":23,"column":9}},{"start":{},"end":{}}]},"2":{"loc":{"start":{"line":27,"column":8},"end":{"line":30,"column":9}},"type":"if","locations":[{"start":{"line":27,"column":8},"end":{"line":30,"column":9}},{"start":{},"end":{}}]},"3":{"loc":{"start":{"line":31,"column":8},"end":{"line":34,"column":9}},"type":"if","locations":[{"start":{"line":31,"column":8},"end":{"line":34,"column":9}},{"start":{},"end":{}}]},"4":{"loc":{"start":{"line":31,"column":12},"end":{"line":31,"column":49}},"type":"binary-expr","locations":[{"start":{"line":31,"column":12},"end":{"line":31,"column":31}},{"start":{"line":31,"column":35},"end":{"line":31,"column":49}}]}},"s":{"0":3,"1":3,"2":3,"3":3,"4":13,"5":13,"6":127,"7":30,"8":30,"9":30,"10":61,"11":61,"12":2,"13":30,"14":30,"15":30,"16":123,"17":123,"18":123,"19":63,"20":63,"21":60,"22":6,"23":6,"24":54},"f":{"0":13,"1":127,"2":30},"b":{"0":[127,73],"1":[2,59],"2":[63,60],"3":[6,54],"4":[60,57]}}
,"C:\\Users\\itaym\\WebStormProjects\\react-any-attr\\src\\index.tsx": {"path":"C:\\Users\\itaym\\WebStormProjects\\react-any-attr\\src\\index.tsx","statementMap":{"0":{"start":{"line":1,"column":0},"end":{"line":1,"column":80}},"1":{"start":{"line":3,"column":0},"end":{"line":3,"column":73}},"2":{"start":{"line":5,"column":0},"end":{"line":5,"column":9}},"3":{"start":{"line":5,"column":9},"end":{"line":5,"column":54}},"4":{"start":{"line":7,"column":24},"end":{"line":12,"column":1}},"5":{"start":{"line":8,"column":4},"end":{"line":11,"column":7}},"6":{"start":{"line":10,"column":8},"end":{"line":10,"column":34}},"7":{"start":{"line":7,"column":13},"end":{"line":7,"column":24}},"8":{"start":{"line":13,"column":24},"end":{"line":30,"column":1}},"9":{"start":{"line":14,"column":4},"end":{"line":29,"column":7}},"10":{"start":{"line":15,"column":28},"end":{"line":15,"column":36}},"11":{"start":{"line":16,"column":8},"end":{"line":19,"column":9}},"12":{"start":{"line":17,"column":12},"end":{"line":17,"column":57}},"13":{"start":{"line":18,"column":12},"end":{"line":18,"column":19}},"14":{"start":{"line":20,"column":8},"end":{"line":27,"column":9}},"15":{"start":{"line":21,"column":12},"end":{"line":26,"column":13}},"16":{"start":{"line":22,"column":16},"end":{"line":22,"column":52}},"17":{"start":{"line":25,"column":16},"end":{"line":25,"column":36}},"18":{"start":{"line":28,"column":8},"end":{"line":28,"column":46}},"19":{"start":{"line":13,"column":13},"end":{"line":13,"column":24}},"20":{"start":{"line":34,"column":25},"end":{"line":43,"column":1}},"21":{"start":{"line":35,"column":4},"end":{"line":42,"column":7}},"22":{"start":{"line":36,"column":8},"end":{"line":41,"column":9}},"23":{"start":{"line":37,"column":12},"end":{"line":37,"column":44}},"24":{"start":{"line":40,"column":12},"end":{"line":40,"column":43}},"25":{"start":{"line":34,"column":13},"end":{"line":34,"column":25}},"26":{"start":{"line":46,"column":4},"end":{"line":49,"column":5}},"27":{"start":{"line":48,"column":8},"end":{"line":48,"column":21}},"28":{"start":{"line":50,"column":4},"end":{"line":50,"column":64}},"29":{"start":{"line":53,"column":21},"end":{"line":121,"column":1}},"30":{"start":{"line":54,"column":61},"end":{"line":54,"column":67}},"31":{"start":{"line":54,"column":32},"end":{"line":54,"column":61}},"32":{"start":{"line":55,"column":21},"end":{"line":55,"column":42}},"33":{"start":{"line":56,"column":23},"end":{"line":56,"column":50}},"34":{"start":{"line":57,"column":37},"end":{"line":57,"column":56}},"35":{"start":{"line":59,"column":28},"end":{"line":64,"column":5}},"36":{"start":{"line":60,"column":8},"end":{"line":62,"column":11}},"37":{"start":{"line":61,"column":12},"end":{"line":61,"column":66}},"38":{"start":{"line":63,"column":8},"end":{"line":63,"column":40}},"39":{"start":{"line":68,"column":4},"end":{"line":71,"column":21}},"40":{"start":{"line":69,"column":8},"end":{"line":69,"column":26}},"41":{"start":{"line":73,"column":21},"end":{"line":73,"column":23}},"42":{"start":{"line":74,"column":29},"end":{"line":74,"column":31}},"43":{"start":{"line":75,"column":30},"end":{"line":118,"column":21}},"44":{"start":{"line":77,"column":8},"end":{"line":79,"column":9}},"45":{"start":{"line":78,"column":12},"end":{"line":78,"column":27}},"46":{"start":{"line":80,"column":8},"end":{"line":80,"column":21}},"47":{"start":{"line":81,"column":8},"end":{"line":86,"column":9}},"48":{"start":{"line":82,"column":12},"end":{"line":85,"column":14}},"49":{"start":{"line":87,"column":8},"end":{"line":87,"column":73}},"50":{"start":{"line":92,"column":12},"end":{"line":94,"column":13}},"51":{"start":{"line":93,"column":16},"end":{"line":93,"column":23}},"52":{"start":{"line":95,"column":12},"end":{"line":95,"column":29}},"53":{"start":{"line":97,"column":12},"end":{"line":111,"column":13}},"54":{"start":{"line":100,"column":16},"end":{"line":100,"column":34}},"55":{"start":{"line":104,"column":16},"end":{"line":110,"column":17}},"56":{"start":{"line":109,"column":20},"end":{"line":109,"column":47}},"57":{"start":{"line":113,"column":12},"end":{"line":116,"column":13}},"58":{"start":{"line":114,"column":16},"end":{"line":114,"column":41}},"59":{"start":{"line":115,"column":16},"end":{"line":115,"column":34}},"60":{"start":{"line":120,"column":4},"end":{"line":120,"column":25}},"61":{"start":{"line":122,"column":0},"end":{"line":122,"column":28}}},"fnMap":{"0":{"name":"(anonymous_9)","decl":{"start":{"line":5,"column":9},"end":{"line":5,"column":25}},"loc":{"start":{"line":5,"column":9},"end":{"line":5,"column":54}}},"1":{"name":"(anonymous_10)","decl":{"start":{"line":7,"column":24},"end":{"line":7,"column":37}},"loc":{"start":{"line":7,"column":48},"end":{"line":12,"column":1}}},"2":{"name":"_asObjectOrAsStringClosure","decl":{"start":{"line":8,"column":40},"end":{"line":8,"column":66}},"loc":{"start":{"line":8,"column":98},"end":{"line":11,"column":5}}},"3":{"name":"(anonymous_12)","decl":{"start":{"line":13,"column":24},"end":{"line":13,"column":37}},"loc":{"start":{"line":13,"column":48},"end":{"line":30,"column":1}}},"4":{"name":"_asObjectOrAsStringClosure","decl":{"start":{"line":14,"column":40},"end":{"line":14,"column":66}},"loc":{"start":{"line":14,"column":98},"end":{"line":29,"column":5}}},"5":{"name":"(anonymous_14)","decl":{"start":{"line":34,"column":25},"end":{"line":34,"column":35}},"loc":{"start":{"line":34,"column":48},"end":{"line":43,"column":1}}},"6":{"name":"_asBooleanClosure","decl":{"start":{"line":35,"column":40},"end":{"line":35,"column":57}},"loc":{"start":{"line":35,"column":89},"end":{"line":42,"column":5}}},"7":{"name":"isPlainFunctionComponent","decl":{"start":{"line":45,"column":9},"end":{"line":45,"column":33}},"loc":{"start":{"line":45,"column":43},"end":{"line":51,"column":1}}},"8":{"name":"(anonymous_17)","decl":{"start":{"line":53,"column":21},"end":{"line":53,"column":31}},"loc":{"start":{"line":53,"column":50},"end":{"line":121,"column":1}}},"9":{"name":"(anonymous_18)","decl":{"start":{"line":59,"column":28},"end":{"line":59,"column":null}},"loc":{"start":{"line":59,"column":28},"end":{"line":64,"column":5}}},"10":{"name":"(anonymous_19)","decl":{"start":{"line":60,"column":33},"end":{"line":60,"column":34}},"loc":{"start":{"line":60,"column":47},"end":{"line":62,"column":9}}},"11":{"name":"(anonymous_20)","decl":{"start":{"line":68,"column":20},"end":{"line":68,"column":null}},"loc":{"start":{"line":68,"column":20},"end":{"line":71,"column":5}}},"12":{"name":"(anonymous_21)","decl":{"start":{"line":75,"column":62},"end":{"line":75,"column":63}},"loc":{"start":{"line":75,"column":81},"end":{"line":118,"column":5}}},"13":{"name":"ref","decl":{"start":{"line":89,"column":17},"end":{"line":89,"column":20}},"loc":{"start":{"line":89,"column":41},"end":{"line":117,"column":9}}}},"branchMap":{"0":{"loc":{"start":{"line":16,"column":8},"end":{"line":19,"column":9}},"type":"if","locations":[{"start":{"line":16,"column":8},"end":{"line":19,"column":9}},{"start":{},"end":{}}]},"1":{"loc":{"start":{"line":20,"column":8},"end":{"line":27,"column":9}},"type":"if","locations":[{"start":{"line":20,"column":8},"end":{"line":27,"column":9}},{"start":{},"end":{}}]},"2":{"loc":{"start":{"line":36,"column":8},"end":{"line":41,"column":9}},"type":"if","locations":[{"start":{"line":36,"column":8},"end":{"line":41,"column":9}},{"start":{"line":39,"column":13},"end":{"line":41,"column":9}}]},"3":{"loc":{"start":{"line":46,"column":4},"end":{"line":49,"column":5}},"type":"if","locations":[{"start":{"line":46,"column":4},"end":{"line":49,"column":5}},{"start":{},"end":{}}]},"4":{"loc":{"start":{"line":50,"column":13},"end":{"line":50,"column":62}},"type":"binary-expr","locations":[{"start":{"line":50,"column":13},"end":{"line":50,"column":27}},{"start":{"line":50,"column":31},"end":{"line":50,"column":62}}]},"5":{"loc":{"start":{"line":54,"column":32},"end":{"line":54,"column":61}},"type":"cond-expr","locations":[{"start":{"line":54,"column":35},"end":{"line":54,"column":56}},{"start":{"line":54,"column":56},"end":{"line":54,"column":61}}]},"6":{"loc":{"start":{"line":77,"column":8},"end":{"line":79,"column":9}},"type":"if","locations":[{"start":{"line":77,"column":8},"end":{"line":79,"column":9}},{"start":{},"end":{}}]},"7":{"loc":{"start":{"line":77,"column":12},"end":{"line":77,"column":83}},"type":"binary-expr","locations":[{"start":{"line":77,"column":12},"end":{"line":77,"column":20}},{"start":{"line":77,"column":24},"end":{"line":77,"column":51}},{"start":{"line":77,"column":55},"end":{"line":77,"column":83}}]},"8":{"loc":{"start":{"line":81,"column":8},"end":{"line":86,"column":9}},"type":"if","locations":[{"start":{"line":81,"column":8},"end":{"line":86,"column":9}},{"start":{},"end":{}}]},"9":{"loc":{"start":{"line":81,"column":12},"end":{"line":81,"column":109}},"type":"binary-expr","locations":[{"start":{"line":81,"column":12},"end":{"line":81,"column":49}},{"start":{"line":81,"column":53},"end":{"line":81,"column":109}}]},"10":{"loc":{"start":{"line":92,"column":12},"end":{"line":94,"column":13}},"type":"if","locations":[{"start":{"line":92,"column":12},"end":{"line":94,"column":13}},{"start":{},"end":{}}]},"11":{"loc":{"start":{"line":97,"column":12},"end":{"line":111,"column":13}},"type":"if","locations":[{"start":{"line":97,"column":12},"end":{"line":111,"column":13}},{"start":{"line":102,"column":17},"end":{"line":111,"column":13}}]},"12":{"loc":{"start":{"line":104,"column":16},"end":{"line":110,"column":17}},"type":"if","locations":[{"start":{"line":104,"column":16},"end":{"line":110,"column":17}},{"start":{},"end":{}}]},"13":{"loc":{"start":{"line":104,"column":20},"end":{"line":104,"column":96}},"type":"binary-expr","locations":[{"start":{"line":104,"column":20},"end":{"line":104,"column":31}},{"start":{"line":104,"column":35},"end":{"line":104,"column":68}},{"start":{"line":104,"column":72},"end":{"line":104,"column":96}}]},"14":{"loc":{"start":{"line":113,"column":12},"end":{"line":116,"column":13}},"type":"if","locations":[{"start":{"line":113,"column":12},"end":{"line":116,"column":13}},{"start":{},"end":{}}]}},"s":{"0":2,"1":2,"2":2,"3":13,"4":2,"5":5,"6":25,"7":2,"8":2,"9":4,"10":32,"11":32,"12":8,"13":8,"14":24,"15":16,"16":16,"17":8,"18":24,"19":2,"20":2,"21":2,"22":4,"23":2,"24":2,"25":2,"26":10,"27":9,"28":1,"29":2,"30":14,"31":7,"32":7,"33":7,"34":7,"35":7,"36":13,"37":18,"38":13,"39":7,"40":7,"41":7,"42":7,"43":7,"44":11,"45":1,"46":10,"47":10,"48":1,"49":10,"50":18,"51":9,"52":9,"53":9,"54":1,"55":8,"56":1,"57":9,"58":6,"59":6,"60":7,"61":2},"f":{"0":11,"1":5,"2":25,"3":4,"4":32,"5":2,"6":4,"7":10,"8":7,"9":13,"10":18,"11":7,"12":11,"13":18},"b":{"0":[8,24],"1":[16,8],"2":[2,2],"3":[9,1],"4":[1,1],"5":[1,6],"6":[1,10],"7":[11,11,10],"8":[1,9],"9":[10,10],"10":[9,9],"11":[1,8],"12":[1,7],"13":[8,2,1],"14":[6,3]}}
,"C:\\Users\\itaym\\WebStormProjects\\react-any-attr\\src\\useAnyAttributes.ts": {"path":"C:\\Users\\itaym\\WebStormProjects\\react-any-attr\\src\\useAnyAttributes.ts","statementMap":{"0":{"start":{"line":9,"column":0},"end":{"line":9,"column":16}},"1":{"start":{"line":1,"column":0},"end":{"line":1,"column":58}},"2":{"start":{"line":3,"column":0},"end":{"line":3,"column":52}},"3":{"start":{"line":10,"column":4},"end":{"line":10,"column":null}},"4":{"start":{"line":12,"column":28},"end":{"line":12,"column":52}},"5":{"start":{"line":12,"column":15},"end":{"line":12,"column":17}},"6":{"start":{"line":12,"column":24},"end":{"line":12,"column":28}},"7":{"start":{"line":13,"column":23},"end":{"line":13,"column":50}},"8":{"start":{"line":15,"column":4},"end":{"line":23,"column":27}},"9":{"start":{"line":16,"column":8},"end":{"line":22,"column":9}},"10":{"start":{"line":17,"column":12},"end":{"line":17,"column":66}},"11":{"start":{"line":18,"column":12},"end":{"line":18,"column":44}},"12":{"start":{"line":21,"column":12},"end":{"line":21,"column":36}},"13":{"start":{"line":25,"column":4},"end":{"line":25,"column":19}}},"fnMap":{"0":{"name":"useAnyAttributes","decl":{"start":{"line":9,"column":16},"end":{"line":9,"column":32}},"loc":{"start":{"line":10,"column":36},"end":{"line":26,"column":1}}},"1":{"name":"(anonymous_1)","decl":{"start":{"line":15,"column":20},"end":{"line":15,"column":null}},"loc":{"start":{"line":15,"column":20},"end":{"line":23,"column":5}}}},"branchMap":{"0":{"loc":{"start":{"line":10,"column":4},"end":{"line":10,"column":null}},"type":"if","locations":[{"start":{"line":10,"column":4},"end":{"line":10,"column":null}},{"start":{},"end":{}}]},"1":{"loc":{"start":{"line":16,"column":8},"end":{"line":22,"column":9}},"type":"if","locations":[{"start":{"line":16,"column":8},"end":{"line":22,"column":9}},{"start":{"line":20,"column":13},"end":{"line":22,"column":9}}]}},"s":{"0":2,"1":2,"2":2,"3":13,"4":11,"5":11,"6":11,"7":11,"8":11,"9":11,"10":6,"11":6,"12":5,"13":11},"f":{"0":11,"1":11},"b":{"0":[2,9],"1":[6,5]}}
}
