TN:
SF:src\applyAttributes.ts
FN:7,markAttributeSetter
FN:13,isAttributeSetter
FN:19,applyAttributes
FNF:3
FNH:3
FNDA:13,markAttributeSetter
FNDA:127,isAttributeSetter
FNDA:30,applyAttributes
DA:5,3
DA:7,3
DA:9,13
DA:10,13
DA:13,3
DA:14,127
DA:19,3
DA:20,61
DA:21,61
DA:22,2
DA:25,123
DA:26,123
DA:27,123
DA:28,63
DA:29,63
DA:31,60
DA:32,6
DA:33,6
DA:35,54
LF:19
LH:19
BRDA:14,0,0,127
BRDA:14,0,1,73
BRDA:21,1,0,2
BRDA:21,1,1,59
BRDA:27,2,0,63
BRDA:27,2,1,60
BRDA:31,3,0,6
BRDA:31,3,1,54
BRDA:31,4,0,60
BRDA:31,4,1,57
BRF:10
BRH:10
end_of_record
TN:
SF:src\index.tsx
FN:5,(anonymous_9)
FN:7,(anonymous_10)
FN:8,_asObjectOrAsStringClosure
FN:13,(anonymous_12)
FN:14,_asObjectOrAsStringClosure
FN:34,(anonymous_14)
FN:35,_asBooleanClosure
FN:45,isPlainFunctionComponent
FN:53,(anonymous_17)
FN:59,(anonymous_18)
FN:60,(anonymous_19)
FN:68,(anonymous_20)
FN:75,(anonymous_21)
FN:89,ref
FNF:14
FNH:14
FNDA:11,(anonymous_9)
FNDA:5,(anonymous_10)
FNDA:25,_asObjectOrAsStringClosure
FNDA:4,(anonymous_12)
FNDA:32,_asObjectOrAsStringClosure
FNDA:2,(anonymous_14)
FNDA:4,_asBooleanClosure
FNDA:10,isPlainFunctionComponent
FNDA:7,(anonymous_17)
FNDA:13,(anonymous_18)
FNDA:18,(anonymous_19)
FNDA:7,(anonymous_20)
FNDA:11,(anonymous_21)
FNDA:18,ref
DA:1,2
DA:3,2
DA:5,13
DA:7,2
DA:8,5
DA:10,25
DA:13,2
DA:14,4
DA:15,32
DA:16,32
DA:17,8
DA:18,8
DA:20,24
DA:21,16
DA:22,16
DA:25,8
DA:28,24
DA:34,2
DA:35,2
DA:36,4
DA:37,2
DA:40,2
DA:46,10
DA:48,9
DA:50,1
DA:53,2
DA:54,14
DA:55,7
DA:56,7
DA:57,7
DA:59,7
DA:60,13
DA:61,18
DA:63,13
DA:68,7
DA:69,7
DA:73,7
DA:74,7
DA:75,7
DA:77,11
DA:78,1
DA:80,10
DA:81,10
DA:82,1
DA:87,10
DA:92,18
DA:93,9
DA:95,9
DA:97,9
DA:100,1
DA:104,8
DA:109,1
DA:113,9
DA:114,6
DA:115,6
DA:120,7
DA:122,2
LF:57
LH:57
BRDA:16,0,0,8
BRDA:16,0,1,24
BRDA:20,1,0,16
BRDA:20,1,1,8
BRDA:36,2,0,2
BRDA:36,2,1,2
BRDA:46,3,0,9
BRDA:46,3,1,1
BRDA:50,4,0,1
BRDA:50,4,1,1
BRDA:54,5,0,1
BRDA:54,5,1,6
BRDA:77,6,0,1
BRDA:77,6,1,10
BRDA:77,7,0,11
BRDA:77,7,1,11
BRDA:77,7,2,10
BRDA:81,8,0,1
BRDA:81,8,1,9
BRDA:81,9,0,10
BRDA:81,9,1,10
BRDA:92,10,0,9
BRDA:92,10,1,9
BRDA:97,11,0,1
BRDA:97,11,1,8
BRDA:104,12,0,1
BRDA:104,12,1,7
BRDA:104,13,0,8
BRDA:104,13,1,2
BRDA:104,13,2,1
BRDA:113,14,0,6
BRDA:113,14,1,3
BRF:32
BRH:32
end_of_record
TN:
SF:src\useAnyAttributes.ts
FN:9,useAnyAttributes
FN:15,(anonymous_1)
FNF:2
FNH:2
FNDA:11,useAnyAttributes
FNDA:11,(anonymous_1)
DA:1,2
DA:3,2
DA:9,2
DA:10,13
DA:12,11
DA:13,11
DA:15,11
DA:16,11
DA:17,6
DA:18,6
DA:21,5
DA:25,11
LF:12
LH:12
BRDA:10,0,0,2
BRDA:10,0,1,9
BRDA:16,1,0,6
BRDA:16,1,1,5
BRF:4
BRH:4
end_of_record
