TN:
SF:src\index.tsx
FN:4,(anonymous_1)
FN:5,_asObjectOrAsStringClosure
FN:10,(anonymous_3)
FN:11,_asObjectOrAsStringClosure
FN:28,(anonymous_5)
FN:33,(anonymous_6)
FN:35,(anonymous_7)
FN:49,(anonymous_8)
FN:57,ref
FNF:9
FNH:9
FNDA:3,(anonymous_1)
FNDA:12,_asObjectOrAsStringClosure
FNDA:4,(anonymous_3)
FNDA:16,_asObjectOrAsStringClosure
FNDA:1,(anonymous_5)
FNDA:4,(anonymous_6)
FNDA:4,(anonymous_7)
FNDA:5,(anonymous_8)
FNDA:4,ref
DA:1,1
DA:4,1
DA:5,3
DA:7,12
DA:10,1
DA:11,4
DA:12,16
DA:13,16
DA:14,4
DA:15,4
DA:17,12
DA:18,8
DA:19,8
DA:22,4
DA:25,12
DA:28,1
DA:29,1
DA:30,1
DA:31,1
DA:33,1
DA:34,4
DA:35,1
DA:36,4
DA:37,44
DA:38,44
DA:40,28
DA:41,28
DA:43,16
DA:48,1
DA:49,1
DA:51,5
DA:52,1
DA:54,4
DA:55,4
DA:58,4
DA:61,4
DA:64,1
DA:68,3
DA:73,1
DA:77,4
DA:81,1
DA:83,1
LF:42
LH:42
BRDA:13,0,0,4
BRDA:13,0,1,12
BRDA:17,1,0,8
BRDA:17,1,1,4
BRDA:34,2,0,1
BRDA:34,2,1,3
BRDA:38,3,0,28
BRDA:38,3,1,16
BRDA:38,4,0,44
BRDA:38,4,1,32
BRDA:51,5,0,1
BRDA:51,5,1,4
BRDA:51,6,0,5
BRDA:51,6,1,5
BRDA:61,7,0,1
BRDA:61,7,1,3
BRDA:68,8,0,1
BRDA:68,8,1,2
BRDA:68,9,0,3
BRDA:68,9,1,2
BRDA:68,9,2,1
BRF:21
BRH:21
end_of_record
